[2024-08-30T22:50:33.025+0000] {local_task_job_runner.py:123} INFO - ::group::Pre task execution logs
[2024-08-30T22:50:33.053+0000] {taskinstance.py:2603} INFO - Dependencies all met for dep_context=non-requeueable deps ti=<TaskInstance: nyc_dag.clean_data manual__2024-08-30T22:50:22.592397+00:00 [queued]>
[2024-08-30T22:50:33.065+0000] {taskinstance.py:2603} INFO - Dependencies all met for dep_context=requeueable deps ti=<TaskInstance: nyc_dag.clean_data manual__2024-08-30T22:50:22.592397+00:00 [queued]>
[2024-08-30T22:50:33.067+0000] {taskinstance.py:2856} INFO - Starting attempt 1 of 0
[2024-08-30T22:50:33.086+0000] {taskinstance.py:2879} INFO - Executing <Task(PythonOperator): clean_data> on 2024-08-30 22:50:22.592397+00:00
[2024-08-30T22:50:33.096+0000] {warnings.py:112} WARNING - /home/***/.local/lib/python3.12/site-packages/***/task/task_runner/standard_task_runner.py:70: DeprecationWarning: This process (pid=2796) is multi-threaded, use of fork() may lead to deadlocks in the child.
  pid = os.fork()

[2024-08-30T22:50:33.098+0000] {standard_task_runner.py:72} INFO - Started process 2798 to run task
[2024-08-30T22:50:33.100+0000] {standard_task_runner.py:104} INFO - Running: ['***', 'tasks', 'run', 'nyc_dag', 'clean_data', 'manual__2024-08-30T22:50:22.592397+00:00', '--job-id', '229', '--raw', '--subdir', 'DAGS_FOLDER/nyc_dag_script.py', '--cfg-path', '/tmp/tmpx4cnczzc']
[2024-08-30T22:50:33.104+0000] {standard_task_runner.py:105} INFO - Job 229: Subtask clean_data
[2024-08-30T22:50:33.176+0000] {task_command.py:467} INFO - Running <TaskInstance: nyc_dag.clean_data manual__2024-08-30T22:50:22.592397+00:00 [running]> on host 107c7aa6860c
[2024-08-30T22:50:33.316+0000] {taskinstance.py:3122} INFO - Exporting env vars: AIRFLOW_CTX_DAG_EMAIL='tolutosin16@gmail.org' AIRFLOW_CTX_DAG_OWNER='tolu_samuel' AIRFLOW_CTX_DAG_ID='nyc_dag' AIRFLOW_CTX_TASK_ID='clean_data' AIRFLOW_CTX_EXECUTION_DATE='2024-08-30T22:50:22.592397+00:00' AIRFLOW_CTX_TRY_NUMBER='1' AIRFLOW_CTX_DAG_RUN_ID='manual__2024-08-30T22:50:22.592397+00:00'
[2024-08-30T22:50:33.318+0000] {taskinstance.py:731} INFO - ::endgroup::
[2024-08-30T22:50:33.378+0000] {logging_mixin.py:190} INFO - All data extracted successfully
[2024-08-30T22:50:33.415+0000] {logging_mixin.py:190} INFO - Data cleaned successfully
[2024-08-30T22:50:33.416+0000] {python.py:240} INFO - Done. Returned value was: dags/raw_files/nyc_payroll.csv
[2024-08-30T22:50:33.457+0000] {taskinstance.py:340} INFO - ::group::Post task execution logs
[2024-08-30T22:50:33.459+0000] {taskinstance.py:352} INFO - Marking task as SUCCESS. dag_id=nyc_dag, task_id=clean_data, run_id=manual__2024-08-30T22:50:22.592397+00:00, execution_date=20240830T225022, start_date=20240830T225033, end_date=20240830T225033
[2024-08-30T22:50:33.515+0000] {local_task_job_runner.py:261} INFO - Task exited with return code 0
[2024-08-30T22:50:33.533+0000] {local_task_job_runner.py:240} INFO - ::endgroup::
