[2024-08-30T01:34:19.919+0000] {local_task_job_runner.py:123} INFO - ::group::Pre task execution logs
[2024-08-30T01:34:19.945+0000] {taskinstance.py:2603} INFO - Dependencies all met for dep_context=non-requeueable deps ti=<TaskInstance: nyc_dag.extract_data manual__2024-08-30T01:34:16.467161+00:00 [queued]>
[2024-08-30T01:34:19.957+0000] {taskinstance.py:2603} INFO - Dependencies all met for dep_context=requeueable deps ti=<TaskInstance: nyc_dag.extract_data manual__2024-08-30T01:34:16.467161+00:00 [queued]>
[2024-08-30T01:34:19.959+0000] {taskinstance.py:2856} INFO - Starting attempt 1 of 0
[2024-08-30T01:34:19.981+0000] {taskinstance.py:2879} INFO - Executing <Task(PythonOperator): extract_data> on 2024-08-30 01:34:16.467161+00:00
[2024-08-30T01:34:19.990+0000] {warnings.py:112} WARNING - /home/***/.local/lib/python3.12/site-packages/***/task/task_runner/standard_task_runner.py:70: DeprecationWarning: This process (pid=1719) is multi-threaded, use of fork() may lead to deadlocks in the child.
  pid = os.fork()

[2024-08-30T01:34:19.992+0000] {standard_task_runner.py:72} INFO - Started process 1721 to run task
[2024-08-30T01:34:19.994+0000] {standard_task_runner.py:104} INFO - Running: ['***', 'tasks', 'run', 'nyc_dag', 'extract_data', 'manual__2024-08-30T01:34:16.467161+00:00', '--job-id', '89', '--raw', '--subdir', 'DAGS_FOLDER/nyc_dag_script.py', '--cfg-path', '/tmp/tmpr9ga3_90']
[2024-08-30T01:34:19.998+0000] {standard_task_runner.py:105} INFO - Job 89: Subtask extract_data
[2024-08-30T01:34:20.071+0000] {task_command.py:467} INFO - Running <TaskInstance: nyc_dag.extract_data manual__2024-08-30T01:34:16.467161+00:00 [running]> on host c8a3469a5a87
[2024-08-30T01:34:20.201+0000] {taskinstance.py:3122} INFO - Exporting env vars: AIRFLOW_CTX_DAG_EMAIL='tolutosin16@gmail.org' AIRFLOW_CTX_DAG_OWNER='tolu_samuel' AIRFLOW_CTX_DAG_ID='nyc_dag' AIRFLOW_CTX_TASK_ID='extract_data' AIRFLOW_CTX_EXECUTION_DATE='2024-08-30T01:34:16.467161+00:00' AIRFLOW_CTX_TRY_NUMBER='1' AIRFLOW_CTX_DAG_RUN_ID='manual__2024-08-30T01:34:16.467161+00:00'
[2024-08-30T01:34:20.203+0000] {taskinstance.py:731} INFO - ::endgroup::
[2024-08-30T01:34:20.267+0000] {logging_mixin.py:190} INFO - All data extracted successfully
[2024-08-30T01:34:20.269+0000] {python.py:240} INFO - Done. Returned value was: (     AgencyID                      AgencyName
0        2001       ADMIN FOR CHILDREN'S SVCS
1        2002       ADMIN TRIALS AND HEARINGS
2        2003             BOARD OF CORRECTION
3        2004               BOARD OF ELECTION
4        2005  BOARD OF ELECTION POLL WORKERS
..        ...                             ...
148      2149   STATEN ISLAND COMMUNITY BD #1
149      2150   STATEN ISLAND COMMUNITY BD #2
150      2151                  TAX COMMISSION
151      2152     TAXI & LIMOUSINE COMMISSION
152      2153      TEACHERS RETIREMENT SYSTEM

[153 rows x 2 columns],      EmployeeID LastName FirstName
0        100001   AACHEN     DAVID
1        100002   AACHEN    MONICA
2        100003   AADAMS   LAMMELL
3        100004    AADIL      IRIS
4        100005   AALAAM      AMIR
..          ...      ...       ...
995      100996    ABREU     RAMON
996      100997    ABREU    RAMONA
997      100998    ABREU   RAYMOND
998      100999    ABREU      RIGO
999      101000    ABREU      RITA

[1000 rows x 3 columns],     FiscalYear  PayrollNumber  AgencyID  ... OTHours  TotalOTPaid TotalOtherPay
0         2020             17      2120  ...     0.0          0.0          0.00
1         2020             17      2120  ...     0.0          0.0          0.00
2         2020             17      2120  ...     0.0          0.0          0.00
3         2020             17      2120  ...     0.0          0.0      -3202.74
4         2020             17      2120  ...     0.0          0.0          0.00
..         ...            ...       ...  ...     ...          ...           ...
95        2020             19      2122  ...     0.0          0.0          0.00
96        2020             19      2122  ...     0.0          0.0        500.00
97        2020             19      2122  ...     0.0          0.0          0.00
98        2020             19      2122  ...     0.0          0.0     180605.85
99        1998             19      2122  ...     0.0          0.0          0.00

[100 rows x 19 columns],      FiscalYear  PayrollNumber  AgencyCode  ...  OTHours  TotalOTPaid TotalOtherPay
0          2021            996        2153  ...     0.00         0.00     258000.00
1          2021            996        2153  ...     0.00         0.00        500.00
2          2021            816        2129  ...  2115.25    218628.18      56616.07
3          2021            816        2129  ...  2152.75    218694.96      38611.82
4          2021            816        2129  ...  1876.25    192296.19      51160.20
..          ...            ...         ...  ...      ...          ...           ...
96         2021            868        2141  ...   901.25     90004.07      36369.10
97         2021             57        2012  ...   833.63     77912.32      34206.86
98         2021             56        2010  ...   950.08     90551.25      20495.26
99         2021             56        2010  ...  1085.25    102184.53      24136.67
100        1999             45        2010  ...  1085.25    102184.53      24136.67

[101 rows x 19 columns],       TitleCode                                   TitleDescription
0         40001                     *ADM SCHOOL SECURITY MANAGER-U
1         40002                          *ADMIN SCHL SECUR MGR-MGL
2         40003                                   *AGENCY ATTORNEY
3         40004                             *ASSISTANT ADVOCATE-PD
4         40005                       *ASSOCIATE EDUCATION OFFICER
...         ...                                                ...
1441      41442            DIRECTOR OF BUREAU OF CONSUMER SERVICES
1442      41443  ASSOC ADM FOR PURCHASING MATERIALS MGT & ENVIR...
1443      41444       PUBLIC HEALTH PREVENTATIVE MEDICINE RESIDENT
1444      41445                          HOUSING ASSISTANT TRAINEE
1445      41446                        SENIOR RACKETS INVESTIGATOR

[1446 rows x 2 columns])
[2024-08-30T01:34:20.559+0000] {taskinstance.py:340} INFO - ::group::Post task execution logs
[2024-08-30T01:34:20.560+0000] {taskinstance.py:352} INFO - Marking task as SUCCESS. dag_id=nyc_dag, task_id=extract_data, run_id=manual__2024-08-30T01:34:16.467161+00:00, execution_date=20240830T013416, start_date=20240830T013419, end_date=20240830T013420
[2024-08-30T01:34:20.612+0000] {local_task_job_runner.py:261} INFO - Task exited with return code 0
[2024-08-30T01:34:20.627+0000] {taskinstance.py:3916} ERROR - Error scheduling downstream tasks. Skipping it as this is entirely optional optimisation. There might be various reasons for it, please take a look at the stack trace to figure out if the root cause can be diagnosed and fixed. See the issue https://github.com/apache/***/issues/39717 for details and an example problem. If you would like to get help in solving root cause, open discussion with all details with your managed service support or in Airflow repository.
Traceback (most recent call last):
  File "/home/airflow/.local/lib/python3.12/site-packages/airflow/models/taskinstance.py", line 3912, in schedule_downstream_tasks
    return TaskInstance._schedule_downstream_tasks(
           ^^^^^^^^^^^^^^^^^^^^^^^^^^^^^^^^^^^^^^^^
  File "/home/airflow/.local/lib/python3.12/site-packages/airflow/utils/session.py", line 94, in wrapper
    return func(*args, **kwargs)
           ^^^^^^^^^^^^^^^^^^^^^
  File "/home/airflow/.local/lib/python3.12/site-packages/airflow/models/taskinstance.py", line 3861, in _schedule_downstream_tasks
    partial_dag = task.dag.partial_subset(
                  ^^^^^^^^^^^^^^^^^^^^^^^^
  File "/home/airflow/.local/lib/python3.12/site-packages/airflow/models/dag.py", line 2646, in partial_subset
    t.task_id: _deepcopy_task(t)
               ^^^^^^^^^^^^^^^^^
  File "/home/airflow/.local/lib/python3.12/site-packages/airflow/models/dag.py", line 2643, in _deepcopy_task
    return copy.deepcopy(t, memo)
           ^^^^^^^^^^^^^^^^^^^^^^
  File "/usr/local/lib/python3.12/copy.py", line 143, in deepcopy
    y = copier(memo)
        ^^^^^^^^^^^^
  File "/home/airflow/.local/lib/python3.12/site-packages/airflow/models/baseoperator.py", line 1388, in __deepcopy__
    setattr(result, k, copy.deepcopy(v, memo))
                       ^^^^^^^^^^^^^^^^^^^^^^
  File "/usr/local/lib/python3.12/copy.py", line 136, in deepcopy
    y = copier(x, memo)
        ^^^^^^^^^^^^^^^
  File "/usr/local/lib/python3.12/copy.py", line 221, in _deepcopy_dict
    y[deepcopy(key, memo)] = deepcopy(value, memo)
                             ^^^^^^^^^^^^^^^^^^^^^
  File "/usr/local/lib/python3.12/copy.py", line 136, in deepcopy
    y = copier(x, memo)
        ^^^^^^^^^^^^^^^
  File "/usr/local/lib/python3.12/copy.py", line 221, in _deepcopy_dict
    y[deepcopy(key, memo)] = deepcopy(value, memo)
                             ^^^^^^^^^^^^^^^^^^^^^
  File "/usr/local/lib/python3.12/copy.py", line 162, in deepcopy
    y = _reconstruct(x, memo, *rv)
        ^^^^^^^^^^^^^^^^^^^^^^^^^^
  File "/usr/local/lib/python3.12/copy.py", line 259, in _reconstruct
    state = deepcopy(state, memo)
            ^^^^^^^^^^^^^^^^^^^^^
  File "/usr/local/lib/python3.12/copy.py", line 136, in deepcopy
    y = copier(x, memo)
        ^^^^^^^^^^^^^^^
  File "/usr/local/lib/python3.12/copy.py", line 221, in _deepcopy_dict
    y[deepcopy(key, memo)] = deepcopy(value, memo)
                             ^^^^^^^^^^^^^^^^^^^^^
  File "/usr/local/lib/python3.12/copy.py", line 162, in deepcopy
    y = _reconstruct(x, memo, *rv)
        ^^^^^^^^^^^^^^^^^^^^^^^^^^
  File "/usr/local/lib/python3.12/copy.py", line 259, in _reconstruct
    state = deepcopy(state, memo)
            ^^^^^^^^^^^^^^^^^^^^^
  File "/usr/local/lib/python3.12/copy.py", line 136, in deepcopy
    y = copier(x, memo)
        ^^^^^^^^^^^^^^^
  File "/usr/local/lib/python3.12/copy.py", line 221, in _deepcopy_dict
    y[deepcopy(key, memo)] = deepcopy(value, memo)
                             ^^^^^^^^^^^^^^^^^^^^^
  File "/usr/local/lib/python3.12/copy.py", line 162, in deepcopy
    y = _reconstruct(x, memo, *rv)
        ^^^^^^^^^^^^^^^^^^^^^^^^^^
  File "/usr/local/lib/python3.12/copy.py", line 259, in _reconstruct
    state = deepcopy(state, memo)
            ^^^^^^^^^^^^^^^^^^^^^
  File "/usr/local/lib/python3.12/copy.py", line 136, in deepcopy
    y = copier(x, memo)
        ^^^^^^^^^^^^^^^
  File "/usr/local/lib/python3.12/copy.py", line 221, in _deepcopy_dict
    y[deepcopy(key, memo)] = deepcopy(value, memo)
                             ^^^^^^^^^^^^^^^^^^^^^
  File "/usr/local/lib/python3.12/copy.py", line 151, in deepcopy
    rv = reductor(4)
         ^^^^^^^^^^^
TypeError: cannot pickle 'module' object
[2024-08-30T01:34:20.636+0000] {local_task_job_runner.py:240} INFO - ::endgroup::
